<?xml version="1.0" encoding="UTF-8"?>
<testng-results ignored="0" total="1" passed="1" failed="0" skipped="0">
  <reporter-output>
  </reporter-output>
  <suite started-at="2025-04-27T19:40:24 IST" name="Default suite" finished-at="2025-04-27T19:40:30 IST" duration-ms="5339">
    <groups>
    </groups>
    <test started-at="2025-04-27T19:40:24 IST" name="Default test" finished-at="2025-04-27T19:40:30 IST" duration-ms="5339">
      <class name="tests.DeleteContactTest">
        <test-method is-config="true" signature="setUpReport()[pri:0, instance:tests.DeleteContactTest@bcec361]" started-at="2025-04-27T19:40:24 IST" name="setUpReport" finished-at="2025-04-27T19:40:24 IST" duration-ms="219" status="PASS">
          <reporter-output>
          </reporter-output>
        </test-method> <!-- setUpReport -->
        <test-method is-config="true" signature="setUp()[pri:0, instance:tests.DeleteContactTest@bcec361]" started-at="2025-04-27T19:40:24 IST" name="setUp" finished-at="2025-04-27T19:40:29 IST" duration-ms="4735" status="PASS">
          <reporter-output>
          </reporter-output>
        </test-method> <!-- setUp -->
        <test-method signature="testDeleteContact()[pri:0, instance:tests.DeleteContactTest@bcec361]" started-at="2025-04-27T19:40:29 IST" name="testDeleteContact" finished-at="2025-04-27T19:40:30 IST" duration-ms="341" status="PASS">
          <reporter-output>
          </reporter-output>
        </test-method> <!-- testDeleteContact -->
        <test-method is-config="true" signature="tearDown()[pri:0, instance:tests.DeleteContactTest@bcec361]" started-at="2025-04-27T19:40:30 IST" name="tearDown" finished-at="2025-04-27T19:40:30 IST" duration-ms="218" status="PASS">
          <reporter-output>
          </reporter-output>
        </test-method> <!-- tearDown -->
        <test-method is-config="true" signature="tearDownReport()[pri:0, instance:tests.DeleteContactTest@bcec361]" started-at="2025-04-27T19:40:30 IST" name="tearDownReport" finished-at="2025-04-27T19:40:30 IST" duration-ms="203" status="PASS">
          <reporter-output>
          </reporter-output>
        </test-method> <!-- tearDownReport -->
      </class> <!-- tests.DeleteContactTest -->
    </test> <!-- Default test -->
  </suite> <!-- Default suite -->
</testng-results>
